<?xml version="1.0" encoding="UTF-8"?>
<coverage generated="1607053973478" clover="3.2.0">
  <project timestamp="1607053973478" name="All files">
    <metrics statements="14" coveredstatements="13" conditionals="7" coveredconditionals="7" methods="3" coveredmethods="3" elements="24" coveredelements="23" complexity="0" loc="14" ncloc="14" packages="1" files="1" classes="1">
      <file name="contactos.js" path="/home/alexander/worksites/test/tutorial-jest-master/src/contactos/contactos.js">
        <metrics statements="14" coveredstatements="13" conditionals="7" coveredconditionals="7" methods="3" coveredmethods="3"/>
        <line num="3" count="1" type="stmt"/>
        <line num="7" count="8" type="cond" truecount="2" falsecount="0"/>
        <line num="12" count="7" type="stmt"/>
        <line num="14" count="1" type="stmt"/>
        <line num="18" count="2" type="stmt"/>
        <line num="19" count="6" type="stmt"/>
        <line num="20" count="4" type="stmt"/>
        <line num="22" count="2" type="cond" truecount="2" falsecount="0"/>
        <line num="23" count="1" type="stmt"/>
        <line num="30" count="5" type="stmt"/>
        <line num="33" count="4" type="stmt"/>
        <line num="39" count="2" type="stmt"/>
        <line num="41" count="2" type="stmt"/>
        <line num="45" count="0" type="stmt"/>
      </file>
    </metrics>
  </project>
</coverage>
